2025-11-19 09:37:49,559 INFO    Thread-6 (_run_job):29638 [wandb_setup.py:_flush():80] Current SDK version is 0.23.0
2025-11-19 09:37:49,559 INFO    Thread-6 (_run_job):29638 [wandb_setup.py:_flush():80] Configure stats pid to 29638
2025-11-19 09:37:49,559 INFO    Thread-6 (_run_job):29638 [wandb_setup.py:_flush():80] Loading settings from /home/sam/.config/wandb/settings
2025-11-19 09:37:49,559 INFO    Thread-6 (_run_job):29638 [wandb_setup.py:_flush():80] Loading settings from /home/sam/Documents/marioRL_3.10/src/wandb_search/wandb/settings
2025-11-19 09:37:49,559 INFO    Thread-6 (_run_job):29638 [wandb_setup.py:_flush():80] Loading settings from environment variables
2025-11-19 09:37:49,559 INFO    Thread-6 (_run_job):29638 [wandb_init.py:setup_run_log_directory():713] Logging user logs to /home/sam/Documents/marioRL_3.10/src/wandb_search/wandb/run-20251119_093749-qszovben/logs/debug.log
2025-11-19 09:37:49,559 INFO    Thread-6 (_run_job):29638 [wandb_init.py:setup_run_log_directory():714] Logging internal logs to /home/sam/Documents/marioRL_3.10/src/wandb_search/wandb/run-20251119_093749-qszovben/logs/debug-internal.log
2025-11-19 09:37:49,559 INFO    Thread-6 (_run_job):29638 [wandb_init.py:init():840] calling init triggers
2025-11-19 09:37:49,560 INFO    Thread-6 (_run_job):29638 [wandb_init.py:init():845] wandb.init called with sweep_config: {'c2': 0.020604993605896346, 'learning_rate': 0.000374830916050513}
config: {'_wandb': {}}
2025-11-19 09:37:49,560 INFO    Thread-6 (_run_job):29638 [wandb_init.py:init():888] starting backend
2025-11-19 09:37:49,560 INFO    Thread-6 (_run_job):29638 [wandb_init.py:init():891] sending inform_init request
2025-11-19 09:37:49,560 INFO    Thread-6 (_run_job):29638 [wandb_init.py:init():899] backend started and connected
2025-11-19 09:37:49,561 INFO    Thread-6 (_run_job):29638 [wandb_run.py:_config_callback():1385] config_cb None None {'c2': 0.020604993605896346, 'learning_rate': 0.000374830916050513}
2025-11-19 09:37:49,561 INFO    Thread-6 (_run_job):29638 [wandb_init.py:init():969] updated telemetry
2025-11-19 09:37:49,587 INFO    Thread-6 (_run_job):29638 [wandb_init.py:init():993] communicating run to backend with 90.0 second timeout
2025-11-19 09:37:50,161 INFO    Thread-6 (_run_job):29638 [wandb_init.py:init():1040] starting run threads in backend
2025-11-19 09:37:50,194 INFO    Thread-6 (_run_job):29638 [wandb_run.py:_console_start():2504] atexit reg
2025-11-19 09:37:50,194 INFO    Thread-6 (_run_job):29638 [wandb_run.py:_redirect():2352] redirect: wrap_raw
2025-11-19 09:37:50,194 INFO    Thread-6 (_run_job):29638 [wandb_run.py:_redirect():2421] Wrapping output streams.
2025-11-19 09:37:50,194 INFO    Thread-6 (_run_job):29638 [wandb_run.py:_redirect():2444] Redirects installed.
2025-11-19 09:37:50,195 INFO    Thread-6 (_run_job):29638 [wandb_init.py:init():1080] run started, returning control to user process
2025-11-19 09:37:50,284 INFO    Thread-6 (_run_job):29638 [wandb_run.py:_finish():2270] finishing run samuelparson122-unaffiliated/marioRL/qszovben
2025-11-19 09:37:50,284 INFO    Thread-6 (_run_job):29638 [wandb_run.py:_atexit_cleanup():2469] got exitcode: 1
2025-11-19 09:37:50,285 INFO    Thread-6 (_run_job):29638 [wandb_run.py:_restore():2451] restore
2025-11-19 09:37:50,285 INFO    Thread-6 (_run_job):29638 [wandb_run.py:_restore():2457] restore done
2025-11-19 09:37:51,314 INFO    wandb-AsyncioManager-main:29638 [service_client.py:_forward_responses():80] Reached EOF.
2025-11-19 09:37:51,314 INFO    wandb-AsyncioManager-main:29638 [mailbox.py:close():137] Closing mailbox, abandoning 2 handles.
2025-11-19 09:37:51,314 INFO    Thread-6 (_run_job):29638 [wandb_run.py:_restore():2451] restore
2025-11-19 09:37:51,314 INFO    Thread-6 (_run_job):29638 [wandb_run.py:_restore():2457] restore done
2025-11-19 09:37:51,314 ERROR   Thread-6 (_run_job):29638 [wandb_run.py:_atexit_cleanup():2490] Problem finishing run
Traceback (most recent call last):
  File "/home/sam/Documents/marioRL_3.10/venv/lib/python3.10/site-packages/wandb/agents/pyagent.py", line 297, in _run_job
    self._function()
  File "/home/sam/Documents/marioRL_3.10/src/train.py", line 225, in train_sweep
    agent, policy, buffer, env, environment, state = init_training(agent, config, device)
  File "/home/sam/Documents/marioRL_3.10/src/train.py", line 54, in init_training
    env = make_training_env(num_envs=config.num_envs)
  File "/home/sam/Documents/marioRL_3.10/src/environment.py", line 172, in make_training_env
    return ParallelEnv(
  File "/home/sam/Documents/marioRL_3.10/venv/lib/python3.10/site-packages/torchrl/envs/batched_envs.py", line 137, in __call__
    return super().__call__(*args, **kwargs)
  File "/home/sam/Documents/marioRL_3.10/venv/lib/python3.10/site-packages/torchrl/envs/common.py", line 263, in __call__
    instance: EnvBase = super().__call__(*args, **kwargs)
  File "/home/sam/Documents/marioRL_3.10/venv/lib/python3.10/site-packages/torchrl/envs/batched_envs.py", line 374, in __init__
    self._get_metadata(create_env_fn, create_env_kwargs)
  File "/home/sam/Documents/marioRL_3.10/venv/lib/python3.10/site-packages/torchrl/envs/batched_envs.py", line 506, in _get_metadata
    meta_data: EnvMetaData = get_env_metadata(
  File "/home/sam/Documents/marioRL_3.10/venv/lib/python3.10/site-packages/torchrl/envs/env_creator.py", line 241, in get_env_metadata
    env = env_or_creator(**kwargs)
  File "/home/sam/Documents/marioRL_3.10/src/environment.py", line 175, in <lambda>
    retro.make(
  File "/home/sam/Documents/marioRL_3.10/venv/lib/python3.10/site-packages/retro/__init__.py", line 64, in make
    return RetroEnv(game, state, inttype=inttype, **kwargs)
  File "/home/sam/Documents/marioRL_3.10/venv/lib/python3.10/site-packages/retro/retro_env.py", line 102, in __init__
    self.em = retro.RetroEmulator(rom_path)
RuntimeError: Cannot create multiple emulator instances per process, make sure to call env.close() on each environment before creating a new one

The above exception was the direct cause of the following exception:

Traceback (most recent call last):
  File "/home/sam/Documents/marioRL_3.10/venv/lib/python3.10/site-packages/wandb/agents/pyagent.py", line 307, in _run_job
    raise _JobError(f"Run threw exception: {str(e)}") from e
wandb.agents.pyagent._JobError: Run threw exception: Cannot create multiple emulator instances per process, make sure to call env.close() on each environment before creating a new one

During handling of the above exception, another exception occurred:

Traceback (most recent call last):
  File "/home/sam/Documents/marioRL_3.10/venv/lib/python3.10/site-packages/wandb/sdk/wandb_run.py", line 2481, in _atexit_cleanup
    self._on_finish()
  File "/home/sam/Documents/marioRL_3.10/venv/lib/python3.10/site-packages/wandb/sdk/wandb_run.py", line 2703, in _on_finish
    wait_with_progress(
  File "/home/sam/Documents/marioRL_3.10/venv/lib/python3.10/site-packages/wandb/sdk/mailbox/wait_with_progress.py", line 23, in wait_with_progress
    return wait_all_with_progress(
  File "/home/sam/Documents/marioRL_3.10/venv/lib/python3.10/site-packages/wandb/sdk/mailbox/wait_with_progress.py", line 77, in wait_all_with_progress
    return asyncer.run(progress_loop_with_timeout)
  File "/home/sam/Documents/marioRL_3.10/venv/lib/python3.10/site-packages/wandb/sdk/lib/asyncio_manager.py", line 136, in run
    return future.result()
  File "/usr/lib/python3.10/concurrent/futures/_base.py", line 458, in result
    return self.__get_result()
  File "/usr/lib/python3.10/concurrent/futures/_base.py", line 403, in __get_result
    raise self._exception
  File "/home/sam/Documents/marioRL_3.10/venv/lib/python3.10/site-packages/wandb/sdk/lib/asyncio_manager.py", line 219, in _wrap
    return await fn()
  File "/home/sam/Documents/marioRL_3.10/venv/lib/python3.10/site-packages/wandb/sdk/mailbox/wait_with_progress.py", line 72, in progress_loop_with_timeout
    return await _wait_handles_async(
  File "/home/sam/Documents/marioRL_3.10/venv/lib/python3.10/site-packages/wandb/sdk/mailbox/wait_with_progress.py", line 95, in _wait_handles_async
    async with asyncio_compat.open_task_group() as task_group:
  File "/usr/lib/python3.10/contextlib.py", line 206, in __aexit__
    await anext(self.gen)
  File "/home/sam/Documents/marioRL_3.10/venv/lib/python3.10/site-packages/wandb/sdk/lib/asyncio_compat.py", line 240, in open_task_group
    await task_group._wait_all(race=race, timeout=exit_timeout)
  File "/home/sam/Documents/marioRL_3.10/venv/lib/python3.10/site-packages/wandb/sdk/lib/asyncio_compat.py", line 180, in _wait_all
    raise exc
  File "/home/sam/Documents/marioRL_3.10/venv/lib/python3.10/site-packages/wandb/sdk/mailbox/wait_with_progress.py", line 93, in wait_single
    results[index] = await handle.wait_async(timeout=timeout)
  File "/home/sam/Documents/marioRL_3.10/venv/lib/python3.10/site-packages/wandb/sdk/mailbox/mailbox_handle.py", line 133, in wait_async
    response = await self._handle.wait_async(timeout=timeout)
  File "/home/sam/Documents/marioRL_3.10/venv/lib/python3.10/site-packages/wandb/sdk/mailbox/response_handle.py", line 99, in wait_async
    raise HandleAbandonedError()
wandb.sdk.mailbox.mailbox_handle.HandleAbandonedError
